system   D d:\Libraries\build\allegro\src\allegro-git\allegro-git\src\win\wsystem.c:633  _al_win_safe_load_library        [   0.00082] PathFindOnPath found: C:\WINDOWS\system32\d3d9.dll
system   D d:\Libraries\build\allegro\src\allegro-git\allegro-git\src\win\wsystem.c:544  load_library_at_path             [   0.00091] Calling LoadLibrary C:\WINDOWS\system32\d3d9.dll
system   I d:\Libraries\build\allegro\src\allegro-git\allegro-git\src\win\wsystem.c:547  load_library_at_path             [   0.00292] Loaded C:\WINDOWS\system32\d3d9.dll
d3d      I d:\Libraries\build\allegro\src\allegro-git\allegro-git\src\win\d3d_disp.cpp:696  _al_d3d_init_display             [   0.01135] Render-to-texture: 1
system   I d:\Libraries\build\allegro\src\allegro-git\allegro-git\src\system.c:252  al_install_system                [   0.01138] Allegro version: 5.0.10
audio-dsound D d:\Libraries\build\allegro\src\allegro-git\allegro-git\addons\audio\dsound.cpp:244  _dsound_open                     [   0.01194] Loading DirectSound module
system   D d:\Libraries\build\allegro\src\allegro-git\allegro-git\src\win\wsystem.c:633  _al_win_safe_load_library        [   0.01218] PathFindOnPath found: C:\WINDOWS\system32\dsound.dll
system   D d:\Libraries\build\allegro\src\allegro-git\allegro-git\src\win\wsystem.c:544  load_library_at_path             [   0.01221] Calling LoadLibrary C:\WINDOWS\system32\dsound.dll
system   I d:\Libraries\build\allegro\src\allegro-git\allegro-git\src\win\wsystem.c:547  load_library_at_path             [   0.01337] Loaded C:\WINDOWS\system32\dsound.dll
audio-dsound I d:\Libraries\build\allegro\src\allegro-git\allegro-git\addons\audio\dsound.cpp:261  _dsound_open                     [   0.01341] Starting DirectSound...
audio-dsound D d:\Libraries\build\allegro\src\allegro-git\allegro-git\addons\audio\dsound.cpp:271  _dsound_open                     [   0.04168] DirectSoundCreate8 succeeded
audio    I d:\Libraries\build\allegro\src\allegro-git\allegro-git\addons\audio\audio.c:288  do_install_audio                 [   0.04400] Using DirectSound driver
audio-dsound D d:\Libraries\build\allegro\src\allegro-git\allegro-git\addons\audio\dsound.cpp:306  _dsound_allocate_voice           [   0.04403] Allocating voice
audio-dsound D d:\Libraries\build\allegro\src\allegro-git\allegro-git\addons\audio\dsound.cpp:365  _dsound_allocate_voice           [   0.04405] Allocated voice
dtor     D d:\Libraries\build\allegro\src\allegro-git\allegro-git\src\dtor.c:184  _al_register_destructor          [   0.04406] added dtor for object 001FCDF8, func 63951B5D
dtor     D d:\Libraries\build\allegro\src\allegro-git\allegro-git\src\dtor.c:184  _al_register_destructor          [   0.04407] added dtor for object 02D284A0, func 6394E167
audio-dsound D d:\Libraries\build\allegro\src\allegro-git\allegro-git\addons\audio\dsound.cpp:462  _dsound_start_voice              [   0.04408] Starting voice
audio-dsound D d:\Libraries\build\allegro\src\allegro-git\allegro-git\addons\audio\dsound.cpp:491  _dsound_start_voice              [   0.04409] CreateSoundBuffer
audio-dsound D d:\Libraries\build\allegro\src\allegro-git\allegro-git\addons\audio\dsound.cpp:500  _dsound_start_voice              [   0.04585] CreateSoundBuffer succeeded
audio-dsound D d:\Libraries\build\allegro\src\allegro-git\allegro-git\addons\audio\dsound.cpp:506  _dsound_start_voice              [   0.04589] Starting _dsound_update thread
audio-dsound I d:\Libraries\build\allegro\src\allegro-git\allegro-git\addons\audio\dsound.cpp:516  _dsound_start_voice              [   0.04598] Voice started
dtor     D d:\Libraries\build\allegro\src\allegro-git\allegro-git\src\dtor.c:184  _al_register_destructor          [   0.04600] added dtor for object 02D287C0, func 6394877A
audio    D d:\Libraries\build\allegro\src\allegro-git\allegro-git\addons\audio\kcm_mixer.c:121  _al_rechannel_matrix             [   0.04602] sample matrix:
audio    D d:\Libraries\build\allegro\src\allegro-git\allegro-git\addons\audio\kcm_mixer.c:127  _al_rechannel_matrix             [   0.04602] 
audio    D d:\Libraries\build\allegro\src\allegro-git\allegro-git\addons\audio\kcm_mixer.c:127  _al_rechannel_matrix             [   0.04603] 
dtor     D d:\Libraries\build\allegro\src\allegro-git\allegro-git\src\dtor.c:184  _al_register_destructor          [   0.04622] added dtor for object 02D285A0, func 6394877A
audio    D d:\Libraries\build\allegro\src\allegro-git\allegro-git\addons\audio\kcm_mixer.c:121  _al_rechannel_matrix             [   0.04646] sample matrix:
audio    D d:\Libraries\build\allegro\src\allegro-git\allegro-git\addons\audio\kcm_mixer.c:127  _al_rechannel_matrix             [   0.04650] 
audio    D d:\Libraries\build\allegro\src\allegro-git\allegro-git\addons\audio\kcm_mixer.c:127  _al_rechannel_matrix             [   0.04651] 
dtor     D d:\Libraries\build\allegro\src\allegro-git\allegro-git\src\dtor.c:184  _al_register_destructor          [   0.04655] added dtor for object 02D354F8, func 6394877A
audio    D d:\Libraries\build\allegro\src\allegro-git\allegro-git\addons\audio\kcm_mixer.c:121  _al_rechannel_matrix             [   0.04657] sample matrix:
audio    D d:\Libraries\build\allegro\src\allegro-git\allegro-git\addons\audio\kcm_mixer.c:127  _al_rechannel_matrix             [   0.04658] 
audio    D d:\Libraries\build\allegro\src\allegro-git\allegro-git\addons\audio\kcm_mixer.c:127  _al_rechannel_matrix             [   0.04659] 
dtor     D d:\Libraries\build\allegro\src\allegro-git\allegro-git\src\dtor.c:184  _al_register_destructor          [   0.04660] added dtor for object 02D35410, func 6394877A
audio    D d:\Libraries\build\allegro\src\allegro-git\allegro-git\addons\audio\kcm_mixer.c:121  _al_rechannel_matrix             [   0.04661] sample matrix:
audio    D d:\Libraries\build\allegro\src\allegro-git\allegro-git\addons\audio\kcm_mixer.c:127  _al_rechannel_matrix             [   0.04662] 
audio    D d:\Libraries\build\allegro\src\allegro-git\allegro-git\addons\audio\kcm_mixer.c:127  _al_rechannel_matrix             [   0.04663] 
dtor     D d:\Libraries\build\allegro\src\allegro-git\allegro-git\src\dtor.c:184  _al_register_destructor          [   0.04664] added dtor for object 02D34DB8, func 6394877A
audio    D d:\Libraries\build\allegro\src\allegro-git\allegro-git\addons\audio\kcm_mixer.c:121  _al_rechannel_matrix             [   0.04665] sample matrix:
audio    D d:\Libraries\build\allegro\src\allegro-git\allegro-git\addons\audio\kcm_mixer.c:127  _al_rechannel_matrix             [   0.04666] 
audio    D d:\Libraries\build\allegro\src\allegro-git\allegro-git\addons\audio\kcm_mixer.c:127  _al_rechannel_matrix             [   0.04667] 
dtor     D d:\Libraries\build\allegro\src\allegro-git\allegro-git\src\dtor.c:184  _al_register_destructor          [   0.04668] added dtor for object 02D35328, func 6394877A
audio    D d:\Libraries\build\allegro\src\allegro-git\allegro-git\addons\audio\kcm_mixer.c:121  _al_rechannel_matrix             [   0.04669] sample matrix:
audio    D d:\Libraries\build\allegro\src\allegro-git\allegro-git\addons\audio\kcm_mixer.c:127  _al_rechannel_matrix             [   0.04670] 
audio    D d:\Libraries\build\allegro\src\allegro-git\allegro-git\addons\audio\kcm_mixer.c:127  _al_rechannel_matrix             [   0.04671] 
dtor     D d:\Libraries\build\allegro\src\allegro-git\allegro-git\src\dtor.c:184  _al_register_destructor          [   0.04672] added dtor for object 02D355E0, func 6394877A
audio    D d:\Libraries\build\allegro\src\allegro-git\allegro-git\addons\audio\kcm_mixer.c:121  _al_rechannel_matrix             [   0.04673] sample matrix:
audio    D d:\Libraries\build\allegro\src\allegro-git\allegro-git\addons\audio\kcm_mixer.c:127  _al_rechannel_matrix             [   0.04674] 
audio    D d:\Libraries\build\allegro\src\allegro-git\allegro-git\addons\audio\kcm_mixer.c:127  _al_rechannel_matrix             [   0.04675] 
dtor     D d:\Libraries\build\allegro\src\allegro-git\allegro-git\src\dtor.c:184  _al_register_destructor          [   0.04676] added dtor for object 02D35070, func 6394877A
audio    D d:\Libraries\build\allegro\src\allegro-git\allegro-git\addons\audio\kcm_mixer.c:121  _al_rechannel_matrix             [   0.04677] sample matrix:
audio    D d:\Libraries\build\allegro\src\allegro-git\allegro-git\addons\audio\kcm_mixer.c:127  _al_rechannel_matrix             [   0.04679] 
audio    D d:\Libraries\build\allegro\src\allegro-git\allegro-git\addons\audio\kcm_mixer.c:127  _al_rechannel_matrix             [   0.04682] 
dtor     D d:\Libraries\build\allegro\src\allegro-git\allegro-git\src\dtor.c:184  _al_register_destructor          [   0.04683] added dtor for object 02D356C8, func 6394877A
audio    D d:\Libraries\build\allegro\src\allegro-git\allegro-git\addons\audio\kcm_mixer.c:121  _al_rechannel_matrix             [   0.04685] sample matrix:
audio    D d:\Libraries\build\allegro\src\allegro-git\allegro-git\addons\audio\kcm_mixer.c:127  _al_rechannel_matrix             [   0.04685] 
audio    D d:\Libraries\build\allegro\src\allegro-git\allegro-git\addons\audio\kcm_mixer.c:127  _al_rechannel_matrix             [   0.04686] 
dtor     D d:\Libraries\build\allegro\src\allegro-git\allegro-git\src\dtor.c:184  _al_register_destructor          [   0.04689] added dtor for object 02D35240, func 6394877A
audio    D d:\Libraries\build\allegro\src\allegro-git\allegro-git\addons\audio\kcm_mixer.c:121  _al_rechannel_matrix             [   0.04691] sample matrix:
audio    D d:\Libraries\build\allegro\src\allegro-git\allegro-git\addons\audio\kcm_mixer.c:127  _al_rechannel_matrix             [   0.04692] 
audio    D d:\Libraries\build\allegro\src\allegro-git\allegro-git\addons\audio\kcm_mixer.c:127  _al_rechannel_matrix             [   0.04693] 
d3d      I d:\Libraries\build\allegro\src\allegro-git\allegro-git\src\win\d3d_disp.cpp:1737 d3d_create_display_locked        [   0.04814] faux_fullscreen=0
d3d      D d:\Libraries\build\allegro\src\allegro-git\allegro-git\src\win\d3d_disp.cpp:1738 d3d_create_display_locked        [   0.04827] al_display=02D35BB8
d3d      D d:\Libraries\build\allegro\src\allegro-git\allegro-git\src\win\d3d_disp.cpp:1739 d3d_create_display_locked        [   0.04828] al_display->vt=02D35B28
d3d      I d:\Libraries\build\allegro\src\allegro-git\allegro-git\src\win\d3d_display_formats.cpp:144  _al_d3d_generate_display_format_list [   0.05077] found 64 format combinations
display  D d:\Libraries\build\allegro\src\allegro-git\allegro-git\src\display_settings.c:191  debug_display_settings           [   0.05079] color: 32 (rgba 8880), depth: 0, stencil: 0, acc: 0000, samples: 0/0
display  D d:\Libraries\build\allegro\src\allegro-git\allegro-git\src\display_settings.c:506  _al_score_display_settings       [   0.05081] Score is : 897
display  D d:\Libraries\build\allegro\src\allegro-git\allegro-git\src\display_settings.c:191  debug_display_settings           [   0.05081] color: 32 (rgba 8880), depth: 0, stencil: 0, acc: 0000, samples: 0/0
display  D d:\Libraries\build\allegro\src\allegro-git\allegro-git\src\display_settings.c:506  _al_score_display_settings       [   0.05082] Score is : 897
display  D d:\Libraries\build\allegro\src\allegro-git\allegro-git\src\display_settings.c:191  debug_display_settings           [   0.05083] color: 32 (rgba 8880), depth: 24, stencil: 8, acc: 0000, samples: 0/0
display  D d:\Libraries\build\allegro\src\allegro-git\allegro-git\src\display_settings.c:506  _al_score_display_settings       [   0.05084] Score is : 897
display  D d:\Libraries\build\allegro\src\allegro-git\allegro-git\src\display_settings.c:191  debug_display_settings           [   0.05085] color: 32 (rgba 8880), depth: 24, stencil: 8, acc: 0000, samples: 0/0
display  D d:\Libraries\build\allegro\src\allegro-git\allegro-git\src\display_settings.c:506  _al_score_display_settings       [   0.05086] Score is : 897
display  D d:\Libraries\build\allegro\src\allegro-git\allegro-git\src\display_settings.c:191  debug_display_settings           [   0.05088] color: 32 (rgba 8880), depth: 24, stencil: 0, acc: 0000, samples: 0/0
display  D d:\Libraries\build\allegro\src\allegro-git\allegro-git\src\display_settings.c:506  _al_score_display_settings       [   0.05089] Score is : 897
display  D d:\Libraries\build\allegro\src\allegro-git\allegro-git\src\display_settings.c:191  debug_display_settings           [   0.05092] color: 32 (rgba 8880), depth: 24, stencil: 0, acc: 0000, samples: 0/0
display  D d:\Libraries\build\allegro\src\allegro-git\allegro-git\src\display_settings.c:506  _al_score_display_settings       [   0.05093] Score is : 897
display  D d:\Libraries\build\allegro\src\allegro-git\allegro-git\src\display_settings.c:191  debug_display_settings           [   0.05094] color: 32 (rgba 8880), depth: 16, stencil: 0, acc: 0000, samples: 0/0
display  D d:\Libraries\build\allegro\src\allegro-git\allegro-git\src\display_settings.c:506  _al_score_display_settings       [   0.05095] Score is : 897
display  D d:\Libraries\build\allegro\src\allegro-git\allegro-git\src\display_settings.c:191  debug_display_settings           [   0.05095] color: 32 (rgba 8880), depth: 16, stencil: 0, acc: 0000, samples: 0/0
display  D d:\Libraries\build\allegro\src\allegro-git\allegro-git\src\display_settings.c:506  _al_score_display_settings       [   0.05096] Score is : 897
display  D d:\Libraries\build\allegro\src\allegro-git\allegro-git\src\display_settings.c:191  debug_display_settings           [   0.05097] color: 16 (rgba 5650), depth: 0, stencil: 0, acc: 0000, samples: 0/0
display  D d:\Libraries\build\allegro\src\allegro-git\allegro-git\src\display_settings.c:506  _al_score_display_settings       [   0.05098] Score is : 897
display  D d:\Libraries\build\allegro\src\allegro-git\allegro-git\src\display_settings.c:191  debug_display_settings           [   0.05099] color: 16 (rgba 5650), depth: 0, stencil: 0, acc: 0000, samples: 0/0
display  D d:\Libraries\build\allegro\src\allegro-git\allegro-git\src\display_settings.c:506  _al_score_display_settings       [   0.05100] Score is : 897
display  D d:\Libraries\build\allegro\src\allegro-git\allegro-git\src\display_settings.c:191  debug_display_settings           [   0.05100] color: 16 (rgba 5650), depth: 24, stencil: 8, acc: 0000, samples: 0/0
display  D d:\Libraries\build\allegro\src\allegro-git\allegro-git\src\display_settings.c:506  _al_score_display_settings       [   0.05101] Score is : 897
display  D d:\Libraries\build\allegro\src\allegro-git\allegro-git\src\display_settings.c:191  debug_display_settings           [   0.05102] color: 16 (rgba 5650), depth: 24, stencil: 8, acc: 0000, samples: 0/0
display  D d:\Libraries\build\allegro\src\allegro-git\allegro-git\src\display_settings.c:506  _al_score_display_settings       [   0.05103] Score is : 897
display  D d:\Libraries\build\allegro\src\allegro-git\allegro-git\src\display_settings.c:191  debug_display_settings           [   0.05104] color: 16 (rgba 5650), depth: 24, stencil: 0, acc: 0000, samples: 0/0
display  D d:\Libraries\build\allegro\src\allegro-git\allegro-git\src\display_settings.c:506  _al_score_display_settings       [   0.05105] Score is : 897
display  D d:\Libraries\build\allegro\src\allegro-git\allegro-git\src\display_settings.c:191  debug_display_settings           [   0.05105] color: 16 (rgba 5650), depth: 24, stencil: 0, acc: 0000, samples: 0/0
display  D d:\Libraries\build\allegro\src\allegro-git\allegro-git\src\display_settings.c:506  _al_score_display_settings       [   0.05106] Score is : 897
display  D d:\Libraries\build\allegro\src\allegro-git\allegro-git\src\display_settings.c:191  debug_display_settings           [   0.05107] color: 16 (rgba 5650), depth: 16, stencil: 0, acc: 0000, samples: 0/0
display  D d:\Libraries\build\allegro\src\allegro-git\allegro-git\src\display_settings.c:506  _al_score_display_settings       [   0.05108] Score is : 897
display  D d:\Libraries\build\allegro\src\allegro-git\allegro-git\src\display_settings.c:191  debug_display_settings           [   0.05109] color: 16 (rgba 5650), depth: 16, stencil: 0, acc: 0000, samples: 0/0
display  D d:\Libraries\build\allegro\src\allegro-git\allegro-git\src\display_settings.c:506  _al_score_display_settings       [   0.05109] Score is : 897
display  D d:\Libraries\build\allegro\src\allegro-git\allegro-git\src\display_settings.c:191  debug_display_settings           [   0.05110] color: 32 (rgba 8880), depth: 0, stencil: 0, acc: 0000, samples: 0/0
display  D d:\Libraries\build\allegro\src\allegro-git\allegro-git\src\display_settings.c:377  _al_score_display_settings       [   0.05119] Single Buffer requirement not met.
display  D d:\Libraries\build\allegro\src\allegro-git\allegro-git\src\display_settings.c:191  debug_display_settings           [   0.05120] color: 32 (rgba 8880), depth: 0, stencil: 0, acc: 0000, samples: 0/0
display  D d:\Libraries\build\allegro\src\allegro-git\allegro-git\src\display_settings.c:377  _al_score_display_settings       [   0.05121] Single Buffer requirement not met.
display  D d:\Libraries\build\allegro\src\allegro-git\allegro-git\src\display_settings.c:191  debug_display_settings           [   0.05122] color: 32 (rgba 8880), depth: 24, stencil: 8, acc: 0000, samples: 0/0
display  D d:\Libraries\build\allegro\src\allegro-git\allegro-git\src\display_settings.c:377  _al_score_display_settings       [   0.05123] Single Buffer requirement not met.
display  D d:\Libraries\build\allegro\src\allegro-git\allegro-git\src\display_settings.c:191  debug_display_settings           [   0.05124] color: 32 (rgba 8880), depth: 24, stencil: 8, acc: 0000, samples: 0/0
display  D d:\Libraries\build\allegro\src\allegro-git\allegro-git\src\display_settings.c:377  _al_score_display_settings       [   0.05125] Single Buffer requirement not met.
display  D d:\Libraries\build\allegro\src\allegro-git\allegro-git\src\display_settings.c:191  debug_display_settings           [   0.05125] color: 32 (rgba 8880), depth: 24, stencil: 0, acc: 0000, samples: 0/0
display  D d:\Libraries\build\allegro\src\allegro-git\allegro-git\src\display_settings.c:377  _al_score_display_settings       [   0.05126] Single Buffer requirement not met.
display  D d:\Libraries\build\allegro\src\allegro-git\allegro-git\src\display_settings.c:191  debug_display_settings           [   0.05127] color: 32 (rgba 8880), depth: 24, stencil: 0, acc: 0000, samples: 0/0
display  D d:\Libraries\build\allegro\src\allegro-git\allegro-git\src\display_settings.c:377  _al_score_display_settings       [   0.05128] Single Buffer requirement not met.
display  D d:\Libraries\build\allegro\src\allegro-git\allegro-git\src\display_settings.c:191  debug_display_settings           [   0.05129] color: 32 (rgba 8880), depth: 16, stencil: 0, acc: 0000, samples: 0/0
display  D d:\Libraries\build\allegro\src\allegro-git\allegro-git\src\display_settings.c:377  _al_score_display_settings       [   0.05130] Single Buffer requirement not met.
display  D d:\Libraries\build\allegro\src\allegro-git\allegro-git\src\display_settings.c:191  debug_display_settings           [   0.05130] color: 32 (rgba 8880), depth: 16, stencil: 0, acc: 0000, samples: 0/0
display  D d:\Libraries\build\allegro\src\allegro-git\allegro-git\src\display_settings.c:377  _al_score_display_settings       [   0.05131] Single Buffer requirement not met.
display  D d:\Libraries\build\allegro\src\allegro-git\allegro-git\src\display_settings.c:191  debug_display_settings           [   0.05132] color: 16 (rgba 5650), depth: 0, stencil: 0, acc: 0000, samples: 0/0
display  D d:\Libraries\build\allegro\src\allegro-git\allegro-git\src\display_settings.c:377  _al_score_display_settings       [   0.05133] Single Buffer requirement not met.
display  D d:\Libraries\build\allegro\src\allegro-git\allegro-git\src\display_settings.c:191  debug_display_settings           [   0.05134] color: 16 (rgba 5650), depth: 0, stencil: 0, acc: 0000, samples: 0/0
display  D d:\Libraries\build\allegro\src\allegro-git\allegro-git\src\display_settings.c:377  _al_score_display_settings       [   0.05135] Single Buffer requirement not met.
display  D d:\Libraries\build\allegro\src\allegro-git\allegro-git\src\display_settings.c:191  debug_display_settings           [   0.05135] color: 16 (rgba 5650), depth: 24, stencil: 8, acc: 0000, samples: 0/0
display  D d:\Libraries\build\allegro\src\allegro-git\allegro-git\src\display_settings.c:377  _al_score_display_settings       [   0.05136] Single Buffer requirement not met.
display  D d:\Libraries\build\allegro\src\allegro-git\allegro-git\src\display_settings.c:191  debug_display_settings           [   0.05137] color: 16 (rgba 5650), depth: 24, stencil: 8, acc: 0000, samples: 0/0
display  D d:\Libraries\build\allegro\src\allegro-git\allegro-git\src\display_settings.c:377  _al_score_display_settings       [   0.05138] Single Buffer requirement not met.
display  D d:\Libraries\build\allegro\src\allegro-git\allegro-git\src\display_settings.c:191  debug_display_settings           [   0.05139] color: 16 (rgba 5650), depth: 24, stencil: 0, acc: 0000, samples: 0/0
display  D d:\Libraries\build\allegro\src\allegro-git\allegro-git\src\display_settings.c:377  _al_score_display_settings       [   0.05140] Single Buffer requirement not met.
display  D d:\Libraries\build\allegro\src\allegro-git\allegro-git\src\display_settings.c:191  debug_display_settings           [   0.05140] color: 16 (rgba 5650), depth: 24, stencil: 0, acc: 0000, samples: 0/0
display  D d:\Libraries\build\allegro\src\allegro-git\allegro-git\src\display_settings.c:377  _al_score_display_settings       [   0.05141] Single Buffer requirement not met.
display  D d:\Libraries\build\allegro\src\allegro-git\allegro-git\src\display_settings.c:191  debug_display_settings           [   0.05142] color: 16 (rgba 5650), depth: 16, stencil: 0, acc: 0000, samples: 0/0
display  D d:\Libraries\build\allegro\src\allegro-git\allegro-git\src\display_settings.c:377  _al_score_display_settings       [   0.05143] Single Buffer requirement not met.
display  D d:\Libraries\build\allegro\src\allegro-git\allegro-git\src\display_settings.c:191  debug_display_settings           [   0.05144] color: 16 (rgba 5650), depth: 16, stencil: 0, acc: 0000, samples: 0/0
display  D d:\Libraries\build\allegro\src\allegro-git\allegro-git\src\display_settings.c:377  _al_score_display_settings       [   0.05145] Single Buffer requirement not met.
display  D d:\Libraries\build\allegro\src\allegro-git\allegro-git\src\display_settings.c:191  debug_display_settings           [   0.05145] color: 32 (rgba 8880), depth: 0, stencil: 0, acc: 0000, samples: 0/0
display  D d:\Libraries\build\allegro\src\allegro-git\allegro-git\src\display_settings.c:506  _al_score_display_settings       [   0.05146] Score is : 769
display  D d:\Libraries\build\allegro\src\allegro-git\allegro-git\src\display_settings.c:191  debug_display_settings           [   0.05147] color: 32 (rgba 8880), depth: 0, stencil: 0, acc: 0000, samples: 0/0
display  D d:\Libraries\build\allegro\src\allegro-git\allegro-git\src\display_settings.c:506  _al_score_display_settings       [   0.05148] Score is : 769
display  D d:\Libraries\build\allegro\src\allegro-git\allegro-git\src\display_settings.c:191  debug_display_settings           [   0.05149] color: 32 (rgba 8880), depth: 24, stencil: 8, acc: 0000, samples: 0/0
display  D d:\Libraries\build\allegro\src\allegro-git\allegro-git\src\display_settings.c:506  _al_score_display_settings       [   0.05150] Score is : 769
display  D d:\Libraries\build\allegro\src\allegro-git\allegro-git\src\display_settings.c:191  debug_display_settings           [   0.05150] color: 32 (rgba 8880), depth: 24, stencil: 8, acc: 0000, samples: 0/0
display  D d:\Libraries\build\allegro\src\allegro-git\allegro-git\src\display_settings.c:506  _al_score_display_settings       [   0.05151] Score is : 769
display  D d:\Libraries\build\allegro\src\allegro-git\allegro-git\src\display_settings.c:191  debug_display_settings           [   0.05152] color: 32 (rgba 8880), depth: 24, stencil: 0, acc: 0000, samples: 0/0
display  D d:\Libraries\build\allegro\src\allegro-git\allegro-git\src\display_settings.c:506  _al_score_display_settings       [   0.05153] Score is : 769
display  D d:\Libraries\build\allegro\src\allegro-git\allegro-git\src\display_settings.c:191  debug_display_settings           [   0.05154] color: 32 (rgba 8880), depth: 24, stencil: 0, acc: 0000, samples: 0/0
display  D d:\Libraries\build\allegro\src\allegro-git\allegro-git\src\display_settings.c:506  _al_score_display_settings       [   0.05155] Score is : 769
display  D d:\Libraries\build\allegro\src\allegro-git\allegro-git\src\display_settings.c:191  debug_display_settings           [   0.05155] color: 32 (rgba 8880), depth: 16, stencil: 0, acc: 0000, samples: 0/0
display  D d:\Libraries\build\allegro\src\allegro-git\allegro-git\src\display_settings.c:506  _al_score_display_settings       [   0.05156] Score is : 769
display  D d:\Libraries\build\allegro\src\allegro-git\allegro-git\src\display_settings.c:191  debug_display_settings           [   0.05157] color: 32 (rgba 8880), depth: 16, stencil: 0, acc: 0000, samples: 0/0
display  D d:\Libraries\build\allegro\src\allegro-git\allegro-git\src\display_settings.c:506  _al_score_display_settings       [   0.05158] Score is : 769
display  D d:\Libraries\build\allegro\src\allegro-git\allegro-git\src\display_settings.c:191  debug_display_settings           [   0.05159] color: 16 (rgba 5650), depth: 0, stencil: 0, acc: 0000, samples: 0/0
display  D d:\Libraries\build\allegro\src\allegro-git\allegro-git\src\display_settings.c:506  _al_score_display_settings       [   0.05160] Score is : 769
display  D d:\Libraries\build\allegro\src\allegro-git\allegro-git\src\display_settings.c:191  debug_display_settings           [   0.05160] color: 16 (rgba 5650), depth: 0, stencil: 0, acc: 0000, samples: 0/0
display  D d:\Libraries\build\allegro\src\allegro-git\allegro-git\src\display_settings.c:506  _al_score_display_settings       [   0.05162] Score is : 769
display  D d:\Libraries\build\allegro\src\allegro-git\allegro-git\src\display_settings.c:191  debug_display_settings           [   0.05162] color: 16 (rgba 5650), depth: 24, stencil: 8, acc: 0000, samples: 0/0
display  D d:\Libraries\build\allegro\src\allegro-git\allegro-git\src\display_settings.c:506  _al_score_display_settings       [   0.05163] Score is : 769
display  D d:\Libraries\build\allegro\src\allegro-git\allegro-git\src\display_settings.c:191  debug_display_settings           [   0.05164] color: 16 (rgba 5650), depth: 24, stencil: 8, acc: 0000, samples: 0/0
display  D d:\Libraries\build\allegro\src\allegro-git\allegro-git\src\display_settings.c:506  _al_score_display_settings       [   0.05167] Score is : 769
display  D d:\Libraries\build\allegro\src\allegro-git\allegro-git\src\display_settings.c:191  debug_display_settings           [   0.05168] color: 16 (rgba 5650), depth: 24, stencil: 0, acc: 0000, samples: 0/0
display  D d:\Libraries\build\allegro\src\allegro-git\allegro-git\src\display_settings.c:506  _al_score_display_settings       [   0.05169] Score is : 769
display  D d:\Libraries\build\allegro\src\allegro-git\allegro-git\src\display_settings.c:191  debug_display_settings           [   0.05169] color: 16 (rgba 5650), depth: 24, stencil: 0, acc: 0000, samples: 0/0
display  D d:\Libraries\build\allegro\src\allegro-git\allegro-git\src\display_settings.c:506  _al_score_display_settings       [   0.05172] Score is : 769
display  D d:\Libraries\build\allegro\src\allegro-git\allegro-git\src\display_settings.c:191  debug_display_settings           [   0.05172] color: 16 (rgba 5650), depth: 16, stencil: 0, acc: 0000, samples: 0/0
display  D d:\Libraries\build\allegro\src\allegro-git\allegro-git\src\display_settings.c:506  _al_score_display_settings       [   0.05173] Score is : 769
display  D d:\Libraries\build\allegro\src\allegro-git\allegro-git\src\display_settings.c:191  debug_display_settings           [   0.05174] color: 16 (rgba 5650), depth: 16, stencil: 0, acc: 0000, samples: 0/0
display  D d:\Libraries\build\allegro\src\allegro-git\allegro-git\src\display_settings.c:506  _al_score_display_settings       [   0.05175] Score is : 769
display  D d:\Libraries\build\allegro\src\allegro-git\allegro-git\src\display_settings.c:191  debug_display_settings           [   0.05176] color: 32 (rgba 8880), depth: 0, stencil: 0, acc: 0000, samples: 0/0
display  D d:\Libraries\build\allegro\src\allegro-git\allegro-git\src\display_settings.c:377  _al_score_display_settings       [   0.05177] Single Buffer requirement not met.
display  D d:\Libraries\build\allegro\src\allegro-git\allegro-git\src\display_settings.c:191  debug_display_settings           [   0.05177] color: 32 (rgba 8880), depth: 0, stencil: 0, acc: 0000, samples: 0/0
display  D d:\Libraries\build\allegro\src\allegro-git\allegro-git\src\display_settings.c:377  _al_score_display_settings       [   0.05178] Single Buffer requirement not met.
display  D d:\Libraries\build\allegro\src\allegro-git\allegro-git\src\display_settings.c:191  debug_display_settings           [   0.05179] color: 32 (rgba 8880), depth: 24, stencil: 8, acc: 0000, samples: 0/0
display  D d:\Libraries\build\allegro\src\allegro-git\allegro-git\src\display_settings.c:377  _al_score_display_settings       [   0.05180] Single Buffer requirement not met.
display  D d:\Libraries\build\allegro\src\allegro-git\allegro-git\src\display_settings.c:191  debug_display_settings           [   0.05181] color: 32 (rgba 8880), depth: 24, stencil: 8, acc: 0000, samples: 0/0
display  D d:\Libraries\build\allegro\src\allegro-git\allegro-git\src\display_settings.c:377  _al_score_display_settings       [   0.05182] Single Buffer requirement not met.
display  D d:\Libraries\build\allegro\src\allegro-git\allegro-git\src\display_settings.c:191  debug_display_settings           [   0.05183] color: 32 (rgba 8880), depth: 24, stencil: 0, acc: 0000, samples: 0/0
display  D d:\Libraries\build\allegro\src\allegro-git\allegro-git\src\display_settings.c:377  _al_score_display_settings       [   0.05183] Single Buffer requirement not met.
display  D d:\Libraries\build\allegro\src\allegro-git\allegro-git\src\display_settings.c:191  debug_display_settings           [   0.05184] color: 32 (rgba 8880), depth: 24, stencil: 0, acc: 0000, samples: 0/0
display  D d:\Libraries\build\allegro\src\allegro-git\allegro-git\src\display_settings.c:377  _al_score_display_settings       [   0.05185] Single Buffer requirement not met.
display  D d:\Libraries\build\allegro\src\allegro-git\allegro-git\src\display_settings.c:191  debug_display_settings           [   0.05188] color: 32 (rgba 8880), depth: 16, stencil: 0, acc: 0000, samples: 0/0
display  D d:\Libraries\build\allegro\src\allegro-git\allegro-git\src\display_settings.c:377  _al_score_display_settings       [   0.05189] Single Buffer requirement not met.
display  D d:\Libraries\build\allegro\src\allegro-git\allegro-git\src\display_settings.c:191  debug_display_settings           [   0.05190] color: 32 (rgba 8880), depth: 16, stencil: 0, acc: 0000, samples: 0/0
display  D d:\Libraries\build\allegro\src\allegro-git\allegro-git\src\display_settings.c:377  _al_score_display_settings       [   0.05192] Single Buffer requirement not met.
display  D d:\Libraries\build\allegro\src\allegro-git\allegro-git\src\display_settings.c:191  debug_display_settings           [   0.05193] color: 16 (rgba 5650), depth: 0, stencil: 0, acc: 0000, samples: 0/0
display  D d:\Libraries\build\allegro\src\allegro-git\allegro-git\src\display_settings.c:377  _al_score_display_settings       [   0.05193] Single Buffer requirement not met.
display  D d:\Libraries\build\allegro\src\allegro-git\allegro-git\src\display_settings.c:191  debug_display_settings           [   0.05194] color: 16 (rgba 5650), depth: 0, stencil: 0, acc: 0000, samples: 0/0
display  D d:\Libraries\build\allegro\src\allegro-git\allegro-git\src\display_settings.c:377  _al_score_display_settings       [   0.05195] Single Buffer requirement not met.
display  D d:\Libraries\build\allegro\src\allegro-git\allegro-git\src\display_settings.c:191  debug_display_settings           [   0.05196] color: 16 (rgba 5650), depth: 24, stencil: 8, acc: 0000, samples: 0/0
display  D d:\Libraries\build\allegro\src\allegro-git\allegro-git\src\display_settings.c:377  _al_score_display_settings       [   0.05197] Single Buffer requirement not met.
display  D d:\Libraries\build\allegro\src\allegro-git\allegro-git\src\display_settings.c:191  debug_display_settings           [   0.05198] color: 16 (rgba 5650), depth: 24, stencil: 8, acc: 0000, samples: 0/0
display  D d:\Libraries\build\allegro\src\allegro-git\allegro-git\src\display_settings.c:377  _al_score_display_settings       [   0.05201] Single Buffer requirement not met.
display  D d:\Libraries\build\allegro\src\allegro-git\allegro-git\src\display_settings.c:191  debug_display_settings           [   0.05202] color: 16 (rgba 5650), depth: 24, stencil: 0, acc: 0000, samples: 0/0
display  D d:\Libraries\build\allegro\src\allegro-git\allegro-git\src\display_settings.c:377  _al_score_display_settings       [   0.05203] Single Buffer requirement not met.
display  D d:\Libraries\build\allegro\src\allegro-git\allegro-git\src\display_settings.c:191  debug_display_settings           [   0.05204] color: 16 (rgba 5650), depth: 24, stencil: 0, acc: 0000, samples: 0/0
display  D d:\Libraries\build\allegro\src\allegro-git\allegro-git\src\display_settings.c:377  _al_score_display_settings       [   0.05205] Single Buffer requirement not met.
display  D d:\Libraries\build\allegro\src\allegro-git\allegro-git\src\display_settings.c:191  debug_display_settings           [   0.05205] color: 16 (rgba 5650), depth: 16, stencil: 0, acc: 0000, samples: 0/0
display  D d:\Libraries\build\allegro\src\allegro-git\allegro-git\src\display_settings.c:377  _al_score_display_settings       [   0.05206] Single Buffer requirement not met.
display  D d:\Libraries\build\allegro\src\allegro-git\allegro-git\src\display_settings.c:191  debug_display_settings           [   0.05207] color: 16 (rgba 5650), depth: 16, stencil: 0, acc: 0000, samples: 0/0
display  D d:\Libraries\build\allegro\src\allegro-git\allegro-git\src\display_settings.c:377  _al_score_display_settings       [   0.05208] Single Buffer requirement not met.
d3d      D d:\Libraries\build\allegro\src\allegro-git\allegro-git\src\win\d3d_disp.cpp:1645 d3d_create_display_internals     [   0.05209] Trying format 0.
d3d      I d:\Libraries\build\allegro\src\allegro-git\allegro-git\src\win\d3d_disp.cpp:1326 d3d_display_thread_proc          [   0.05239] Chose a display format: 23
d3d      I d:\Libraries\build\allegro\src\allegro-git\allegro-git\src\win\d3d_disp.cpp:1395 d3d_display_thread_proc          [   0.05241] Normal window.
d3d      I d:\Libraries\build\allegro\src\allegro-git\allegro-git\src\win\d3d_disp.cpp:801  d3d_create_device                [   0.07036] Using no depth stencil buffer
d3d      D d:\Libraries\build\allegro\src\allegro-git\allegro-git\src\win\d3d_disp.cpp:866  d3d_create_device                [   0.08674] BeginScene succeeded in create_device
d3d      D d:\Libraries\build\allegro\src\allegro-git\allegro-git\src\win\d3d_disp.cpp:874  d3d_create_device                [   0.08679] Success
d3d      D d:\Libraries\build\allegro\src\allegro-git\allegro-git\src\win\d3d_disp.cpp:1668 d3d_create_display_internals     [   0.08688] Resumed after wait.
d3d      I d:\Libraries\build\allegro\src\allegro-git\allegro-git\src\win\d3d_disp.cpp:1701 d3d_create_display_internals     [   0.08690] Format 0 succeeded.
d3d      D d:\Libraries\build\allegro\src\allegro-git\allegro-git\src\win\d3d_disp.cpp:1724 d3d_create_display_internals     [   0.08692] Returning d3d_display: 02D35BB8
d3d      D d:\Libraries\build\allegro\src\allegro-git\allegro-git\src\win\d3d_disp.cpp:1749 d3d_create_display_locked        [   0.08693] al_display=02D35BB8
d3d      D d:\Libraries\build\allegro\src\allegro-git\allegro-git\src\win\d3d_disp.cpp:1750 d3d_create_display_locked        [   0.08694] al_display->vt=02D35B28
bitmap   W d:\Libraries\build\allegro\src\allegro-git\allegro-git\src\bitmap_io.c:222  al_load_bitmap                   [   0.09111] Failed loading resources/images/icon.png with .png handler.
